This is pdfTeX, Version 3.14159265-2.6-1.40.16 (TeX Live 2015/Debian) (preloaded format=pdflatex 2016.10.4)  6 MAR 2017 15:55
entering extended mode
 restricted \write18 enabled.
 %&-line parsing enabled.
**report
(./report.tex
LaTeX2e <2016/02/01>
Babel <3.9q> and hyphenation patterns for 4 language(s) loaded.
(/usr/share/texlive/texmf-dist/tex/latex/base/article.cls
Document Class: article 2014/09/29 v1.4h Standard LaTeX document class
(/usr/share/texlive/texmf-dist/tex/latex/base/size12.clo
File: size12.clo 2014/09/29 v1.4h Standard LaTeX file (size option)
)
\c@part=\count79
\c@section=\count80
\c@subsection=\count81
\c@subsubsection=\count82
\c@paragraph=\count83
\c@subparagraph=\count84
\c@figure=\count85
\c@table=\count86
\abovecaptionskip=\skip41
\belowcaptionskip=\skip42
\bibindent=\dimen102
)
(/usr/share/texlive/texmf-dist/tex/latex/graphics/graphicx.sty
Package: graphicx 2014/10/28 v1.0g Enhanced LaTeX Graphics (DPC,SPQR)

(/usr/share/texlive/texmf-dist/tex/latex/graphics/keyval.sty
Package: keyval 2014/10/28 v1.15 key=value parser (DPC)
\KV@toks@=\toks14
)
(/usr/share/texlive/texmf-dist/tex/latex/graphics/graphics.sty
Package: graphics 2016/01/03 v1.0q Standard LaTeX Graphics (DPC,SPQR)

(/usr/share/texlive/texmf-dist/tex/latex/graphics/trig.sty
Package: trig 2016/01/03 v1.10 sin cos tan (DPC)
)
(/usr/share/texlive/texmf-dist/tex/latex/latexconfig/graphics.cfg
File: graphics.cfg 2010/04/23 v1.9 graphics configuration of TeX Live
)
Package graphics Info: Driver file: pdftex.def on input line 95.

(/usr/share/texlive/texmf-dist/tex/latex/pdftex-def/pdftex.def
File: pdftex.def 2011/05/27 v0.06d Graphics/color for pdfTeX

(/usr/share/texlive/texmf-dist/tex/generic/oberdiek/infwarerr.sty
Package: infwarerr 2010/04/08 v1.3 Providing info/warning/error messages (HO)
)
(/usr/share/texlive/texmf-dist/tex/generic/oberdiek/ltxcmds.sty
Package: ltxcmds 2011/11/09 v1.22 LaTeX kernel commands for general use (HO)
)
\Gread@gobject=\count87
))
\Gin@req@height=\dimen103
\Gin@req@width=\dimen104
)
(/usr/share/texlive/texmf-dist/tex/latex/caption/subcaption.sty
Package: subcaption 2016/02/20 v1.1-142 Sub-captions (AR)

(/usr/share/texlive/texmf-dist/tex/latex/caption/caption.sty
Package: caption 2016/02/21 v3.3-144 Customizing captions (AR)

(/usr/share/texlive/texmf-dist/tex/latex/caption/caption3.sty
Package: caption3 2016/02/04 v1.7-139 caption3 kernel (AR)
Package caption3 Info: TeX engine: e-TeX on input line 67.
\captionmargin=\dimen105
\captionmargin@=\dimen106
\captionwidth=\dimen107
\caption@tempdima=\dimen108
\caption@indent=\dimen109
\caption@parindent=\dimen110
\caption@hangindent=\dimen111
)
\c@ContinuedFloat=\count88
)
\c@subfigure=\count89
\c@subtable=\count90
)
(/usr/share/texlive/texmf-dist/tex/latex/preprint/fullpage.sty
Package: fullpage 1999/02/23 1.1 (PWD)
\FP@margin=\skip43
)
(/usr/share/texlive/texmf-dist/tex/latex/setspace/setspace.sty
Package: setspace 2011/12/19 v6.7a set line spacing
) (./report.aux)
\openout1 = `report.aux'.

LaTeX Font Info:    Checking defaults for OML/cmm/m/it on input line 36.
LaTeX Font Info:    ... okay on input line 36.
LaTeX Font Info:    Checking defaults for T1/cmr/m/n on input line 36.
LaTeX Font Info:    ... okay on input line 36.
LaTeX Font Info:    Checking defaults for OT1/cmr/m/n on input line 36.
LaTeX Font Info:    ... okay on input line 36.
LaTeX Font Info:    Checking defaults for OMS/cmsy/m/n on input line 36.
LaTeX Font Info:    ... okay on input line 36.
LaTeX Font Info:    Checking defaults for OMX/cmex/m/n on input line 36.
LaTeX Font Info:    ... okay on input line 36.
LaTeX Font Info:    Checking defaults for U/cmr/m/n on input line 36.
LaTeX Font Info:    ... okay on input line 36.

(/usr/share/texlive/texmf-dist/tex/context/base/supp-pdf.mkii
[Loading MPS to PDF converter (version 2006.09.02).]
\scratchcounter=\count91
\scratchdimen=\dimen112
\scratchbox=\box26
\nofMPsegments=\count92
\nofMParguments=\count93
\everyMPshowfont=\toks15
\MPscratchCnt=\count94
\MPscratchDim=\dimen113
\MPnumerator=\count95
\makeMPintoPDFobject=\count96
\everyMPtoPDFconversion=\toks16
) (/usr/share/texlive/texmf-dist/tex/generic/oberdiek/pdftexcmds.sty
Package: pdftexcmds 2011/11/29 v0.20 Utility functions of pdfTeX for LuaTeX (HO
)

(/usr/share/texlive/texmf-dist/tex/generic/oberdiek/ifluatex.sty
Package: ifluatex 2010/03/01 v1.3 Provides the ifluatex switch (HO)
Package ifluatex Info: LuaTeX not detected.
)
(/usr/share/texlive/texmf-dist/tex/generic/oberdiek/ifpdf.sty
Package: ifpdf 2011/01/30 v2.3 Provides the ifpdf switch (HO)
Package ifpdf Info: pdfTeX in PDF mode is detected.
)
Package pdftexcmds Info: LuaTeX not detected.
Package pdftexcmds Info: \pdf@primitive is available.
Package pdftexcmds Info: \pdf@ifprimitive is available.
Package pdftexcmds Info: \pdfdraftmode found.
)
(/usr/share/texlive/texmf-dist/tex/latex/oberdiek/epstopdf-base.sty
Package: epstopdf-base 2010/02/09 v2.5 Base part for package epstopdf

(/usr/share/texlive/texmf-dist/tex/latex/oberdiek/grfext.sty
Package: grfext 2010/08/19 v1.1 Manage graphics extensions (HO)

(/usr/share/texlive/texmf-dist/tex/generic/oberdiek/kvdefinekeys.sty
Package: kvdefinekeys 2011/04/07 v1.3 Define keys (HO)
))
(/usr/share/texlive/texmf-dist/tex/latex/oberdiek/kvoptions.sty
Package: kvoptions 2011/06/30 v3.11 Key value format for package options (HO)

(/usr/share/texlive/texmf-dist/tex/generic/oberdiek/kvsetkeys.sty
Package: kvsetkeys 2012/04/25 v1.16 Key value parser (HO)

(/usr/share/texlive/texmf-dist/tex/generic/oberdiek/etexcmds.sty
Package: etexcmds 2011/02/16 v1.5 Avoid name clashes with e-TeX commands (HO)
Package etexcmds Info: Could not find \expanded.
(etexcmds)             That can mean that you are not using pdfTeX 1.50 or
(etexcmds)             that some package has redefined \expanded.
(etexcmds)             In the latter case, load this package earlier.
)))
Package grfext Info: Graphics extension search list:
(grfext)             [.png,.pdf,.jpg,.mps,.jpeg,.jbig2,.jb2,.PNG,.PDF,.JPG,.JPE
G,.JBIG2,.JB2,.eps]
(grfext)             \AppendGraphicsExtensions on input line 452.

(/usr/share/texlive/texmf-dist/tex/latex/latexconfig/epstopdf-sys.cfg
File: epstopdf-sys.cfg 2010/07/13 v1.3 Configuration of (r)epstopdf for TeX Liv
e
))
Package caption Info: Begin \AtBeginDocument code.
Package caption Info: End \AtBeginDocument code.
LaTeX Font Info:    External font `cmex10' loaded for size
(Font)              <14.4> on input line 41.
LaTeX Font Info:    External font `cmex10' loaded for size
(Font)              <7> on input line 41.

<figs/DirectMappedCacheAddress.pdf, id=1, 322.20375pt x 46.1725pt>
File: figs/DirectMappedCacheAddress.pdf Graphic file (type pdf)

<use figs/DirectMappedCacheAddress.pdf>
Package pdftex.def Info: figs/DirectMappedCacheAddress.pdf used on input line 6
0.
(pdftex.def)             Requested size: 322.20296pt x 46.17236pt.
 [1

{/var/lib/texmf/fonts/map/pdftex/updmap/pdftex.map} <./figs/DirectMappedCacheAd
dress.pdf>]
<figs/MSISnoopingCache.pdf, id=14, 303.1325pt x 339.2675pt>
File: figs/MSISnoopingCache.pdf Graphic file (type pdf)

<use figs/MSISnoopingCache.pdf>
Package pdftex.def Info: figs/MSISnoopingCache.pdf used on input line 85.
(pdftex.def)             Requested size: 303.13176pt x 339.26666pt.


LaTeX Warning: `h' float specifier changed to `ht'.


Overfull \hbox (10.15733pt too wide) in paragraph at lines 123--123
[]\OT1/cmtt/m/n/12 Cache line found in state Shared. A total of 1 invalidations
 were required.[] 
 []


LaTeX Warning: `h' float specifier changed to `ht'.


Overfull \hbox (10.15733pt too wide) in paragraph at lines 151--151
[]\OT1/cmtt/m/n/12 found in state Modified. A protocol writeback was required b
y processor P2.[] 
 []


LaTeX Warning: `h' float specifier changed to `ht'.


LaTeX Warning: `h' float specifier changed to `ht'.

LaTeX Font Info:    External font `cmex10' loaded for size
(Font)              <12> on input line 199.
LaTeX Font Info:    External font `cmex10' loaded for size
(Font)              <8> on input line 199.
LaTeX Font Info:    External font `cmex10' loaded for size
(Font)              <6> on input line 199.

LaTeX Warning: `h' float specifier changed to `ht'.

[2 <./figs/MSISnoopingCache.pdf>]
<figs/DirectoryCache.pdf, id=21, 303.1325pt x 339.2675pt>
File: figs/DirectoryCache.pdf Graphic file (type pdf)

<use figs/DirectoryCache.pdf>
Package pdftex.def Info: figs/DirectoryCache.pdf used on input line 231.
(pdftex.def)             Requested size: 303.13176pt x 339.26666pt.


LaTeX Warning: `h' float specifier changed to `ht'.


LaTeX Warning: `h' float specifier changed to `ht'.


Overfull \hbox (4.95966pt too wide) in paragraph at lines 307--307
[]\OT1/cmr/bx/n/17.28 MESI Snoop-ing Pro-to-col with Second-Level Shared
 []


Underfull \vbox (badness 10000) has occurred while \output is active []

 [3]
<figs/MESISnooping2LevelCache.pdf, id=26, 303.1325pt x 339.2675pt>
File: figs/MESISnooping2LevelCache.pdf Graphic file (type pdf)

<use figs/MESISnooping2LevelCache.pdf>
Package pdftex.def Info: figs/MESISnooping2LevelCache.pdf used on input line 31
9.
(pdftex.def)             Requested size: 303.13176pt x 339.26666pt.


LaTeX Warning: `h' float specifier changed to `ht'.

<figs/fig-1-1.pdf, id=27, 578.16pt x 433.62pt>
File: figs/fig-1-1.pdf Graphic file (type pdf)
 <use figs/fig-1-1.pdf>
Package pdftex.def Info: figs/fig-1-1.pdf used on input line 374.
(pdftex.def)             Requested size: 217.42265pt x 163.06363pt.

<figs/fig-1-2.pdf, id=28, 578.16pt x 433.62pt>
File: figs/fig-1-2.pdf Graphic file (type pdf)
 <use figs/fig-1-2.pdf>
Package pdftex.def Info: figs/fig-1-2.pdf used on input line 377.
(pdftex.def)             Requested size: 217.42265pt x 163.06363pt.


LaTeX Warning: `h' float specifier changed to `ht'.

<figs/fig-2-1.pdf, id=29, 578.16pt x 433.62pt>
File: figs/fig-2-1.pdf Graphic file (type pdf)
 <use figs/fig-2-1.pdf>
Package pdftex.def Info: figs/fig-2-1.pdf used on input line 385.
(pdftex.def)             Requested size: 217.42265pt x 163.06363pt.

<figs/fig-2-2.pdf, id=30, 578.16pt x 433.62pt>
File: figs/fig-2-2.pdf Graphic file (type pdf)
 <use figs/fig-2-2.pdf>
Package pdftex.def Info: figs/fig-2-2.pdf used on input line 388.
(pdftex.def)             Requested size: 217.42265pt x 163.06363pt.


LaTeX Warning: `h' float specifier changed to `ht'.

<figs/fig-3.pdf, id=31, 578.16pt x 433.62pt>
File: figs/fig-3.pdf Graphic file (type pdf)
 <use figs/fig-3.pdf>
Package pdftex.def Info: figs/fig-3.pdf used on input line 395.
(pdftex.def)             Requested size: 271.7835pt x 203.8345pt.


LaTeX Warning: `h' float specifier changed to `ht'.


Underfull \vbox (badness 10000) has occurred while \output is active []

 [4]
[5] [6 <./figs/DirectoryCache.pdf>] [7] [8 <./figs/MESISnooping2LevelCache.pdf>
] [9 <./figs/fig-1-1.pdf> <./figs/fig-1-2.pdf

pdfTeX warning: pdflatex (file ./figs/fig-1-2.pdf): PDF inclusion: multiple pdf
s with page group included in a single page
> <./figs/fig-2-1.pdf

pdfTeX warning: pdflatex (file ./figs/fig-2-1.pdf): PDF inclusion: multiple pdf
s with page group included in a single page
> <./figs/fig-2-2.pdf

pdfTeX warning: pdflatex (file ./figs/fig-2-2.pdf): PDF inclusion: multiple pdf
s with page group included in a single page
> <./figs/fig-3.pdf

pdfTeX warning: pdflatex (file ./figs/fig-3.pdf): PDF inclusion: multiple pdfs 
with page group included in a single page
>] (./report.aux) ) 
Here is how much of TeX's memory you used:
 2717 strings out of 494929
 43507 string characters out of 6180142
 113170 words of memory out of 5000000
 5995 multiletter control sequences out of 15000+600000
 8710 words of font info for 31 fonts, out of 8000000 for 9000
 16 hyphenation exceptions out of 8191
 42i,7n,40p,250b,369s stack positions out of 5000i,500n,10000p,200000b,80000s
</usr/share/texlive/texmf-dist/fonts/type1/public/amsfonts/c
m/cmbx12.pfb></usr/share/texlive/texmf-dist/fonts/type1/public/amsfonts/cm/cmr1
2.pfb></usr/share/texlive/texmf-dist/fonts/type1/public/amsfonts/cm/cmr17.pfb><
/usr/share/texlive/texmf-dist/fonts/type1/public/amsfonts/cm/cmti12.pfb></usr/s
hare/texlive/texmf-dist/fonts/type1/public/amsfonts/cm/cmtt12.pfb>
Output written on report.pdf (9 pages, 257196 bytes).
PDF statistics:
 360 PDF objects out of 1000 (max. 8388607)
 75 compressed objects within 1 object stream
 0 named destinations out of 1000 (max. 500000)
 46 words of extra memory for PDF output out of 10000 (max. 10000000)

